2013/12/21 01:10:53 [error] 13292#0: *1 FastCGI sent in stderr: "PHP message: PHP Fatal error:  Cannot override final method Phalcon\Mvc\Model::__construct() in /var/www/helpyourselftoday.com/site.profitpress.com/lib/components/BaseModel.php on line 118
PHP message: PHP Stack trace:
PHP message: PHP   1. {main}() /var/www/helpyourselftoday.com/site.profitpress.com/public/index.php:0
PHP message: PHP   2. require_once() /var/www/helpyourselftoday.com/site.profitpress.com/public/index.php:73
PHP message: PHP   3. ProfitPress\Services\Database->__construct() /var/www/helpyourselftoday.com/site.profitpress.com/config/services.php:14
PHP message: PHP   4. ProfitPress\Services\Database->getCachedConnectionArray() /var/www/helpyourselftoday.com/site.profitpress.com/lib/services/Database.php:41
PHP message: PHP   5. ProfitPress\Services\Database->getCachedConfiguration() /var/www/helpyourselftoday.com/site.profitpress.com/lib/services/Database.php:84
PHP message: PHP   6. ProfitPress\Services\Database->getApplicationDatabaseConfiguration() /var/www/helpyourselftoday.com/site.profitpress.com/lib/services/Database.php:137
PHP message: PHP   7. Phalcon\Loader->autoLoad() /var/www/helpyourselftoday.com/site.profitpress.com/lib/services/Database.php:0
PHP message: PHP   8. Phalcon\Loader->autoLoad() /var/www/helpyourselftoday.com/site.profitpress.com/lib/services/Database.php:0" while reading response header from upstream, client: 127.0.0.1, server: *.profitpress.localhost, request: "GET / HTTP/1.1", upstream: "fastcgi://unix:/var/run/php5-fpm.sock:", host: "alpha.profitpress.localhost"
2013/12/21 01:10:53 [error] 13292#0: *1 FastCGI sent in stderr: "PHP message: PHP Fatal error:  Cannot override final method Phalcon\Mvc\Model::__construct() in /var/www/helpyourselftoday.com/site.profitpress.com/lib/components/BaseModel.php on line 118
PHP message: PHP Stack trace:
PHP message: PHP   1. {main}() /var/www/helpyourselftoday.com/site.profitpress.com/public/index.php:0
PHP message: PHP   2. require_once() /var/www/helpyourselftoday.com/site.profitpress.com/public/index.php:73
PHP message: PHP   3. ProfitPress\Services\Database->__construct() /var/www/helpyourselftoday.com/site.profitpress.com/config/services.php:14
PHP message: PHP   4. ProfitPress\Services\Database->getCachedConnectionArray() /var/www/helpyourselftoday.com/site.profitpress.com/lib/services/Database.php:41
PHP message: PHP   5. ProfitPress\Services\Database->getCachedConfiguration() /var/www/helpyourselftoday.com/site.profitpress.com/lib/services/Database.php:84
PHP message: PHP   6. ProfitPress\Services\Database->getApplicationDatabaseConfiguration() /var/www/helpyourselftoday.com/site.profitpress.com/lib/services/Database.php:137
PHP message: PHP   7. Phalcon\Loader->autoLoad() /var/www/helpyourselftoday.com/site.profitpress.com/lib/services/Database.php:0
PHP message: PHP   8. Phalcon\Loader->autoLoad() /var/www/helpyourselftoday.com/site.profitpress.com/lib/services/Database.php:0" while reading response header from upstream, client: 127.0.0.1, server: *.profitpress.localhost, request: "GET /favicon.ico HTTP/1.1", upstream: "fastcgi://unix:/var/run/php5-fpm.sock:", host: "alpha.profitpress.localhost"
2013/12/21 01:23:09 [error] 13292#0: *6 FastCGI sent in stderr: "PHP message: PHP Notice:  Undefined offset: model in /var/www/helpyourselftoday.com/site.profitpress.com/lib/services/Config.php on line 79
PHP message: PHP Stack trace:
PHP message: PHP   1. {main}() /var/www/helpyourselftoday.com/site.profitpress.com/public/index.php:0
PHP message: PHP   2. Phalcon\Mvc\Application->handle() /var/www/helpyourselftoday.com/site.profitpress.com/public/index.php:78
PHP message: PHP   3. ProfitPress\Components\BaseController->initialize() /var/www/helpyourselftoday.com/site.profitpress.com/public/index.php:0
PHP message: PHP   4. ProfitPress\Components\BaseController->setCss() /var/www/helpyourselftoday.com/site.profitpress.com/lib/components/BaseController.php:53
PHP message: PHP   5. ProfitPress\Site\Models\Settings::getSetting() /var/www/helpyourselftoday.com/site.profitpress.com/lib/components/BaseController.php:58
PHP message: PHP   6. Phalcon\Mvc\Model::findFirst() /var/www/helpyourselftoday.com/site.profitpress.com/modules/site/models/Settings.php:51
PHP message: PHP   7. ProfitPress\Components\BaseModel->getSource() /var/www/helpyourselftoday.com/site.profitpress.com/modules/site/models/Settings.php:0
PHP message: PHP   8. ProfitPress\Components\BaseModel->getTableNameFromConfiguration() /var/www/helpyourselftoday.com/site.profitpress.com/lib/components/BaseModel.php:53
PHP message: PHP   9. ProfitPress\Services\Config->__get() /var/www/helpyourselftoday.com/site.profitpress.com/lib/components/BaseModel.php:105
PHP message: PHP Notice:  Trying to get property of non-object in /var/www/helpyourselftoday.com/site.profitpress.com/lib/components/BaseModel.php on line 105
PHP message: PHP Stack trace:
PHP message: PHP   1. {main}() /var/www/helpyourselftoday.com/site.profitpress.com/public/index.php:0
PHP message: PHP   2. Phalcon\Mvc\Application->handle() /var/www/helpyourselftoday.com/site.profitpress.com/public/index.php:78
PHP message: PHP   3. ProfitPress\Components\BaseController->initialize() /var/www/helpyo
2013/12/21 01:23:09 [error] 13292#0: *6 FastCGI sent in stderr: "lftoday.com/site.profitpress.com/lib/components/BaseModel.php:53
PHP message: PHP   9. ProfitPress\Services\Config->__get() /var/www/helpyourselftoday.com/site.profitpress.com/lib/components/BaseModel.php:105
PHP message: PHP Notice:  Trying to get property of non-object in /var/www/helpyourselftoday.com/site.profitpress.com/lib/components/BaseModel.php on line 105
PHP message: PHP Stack trace:
PHP message: PHP   1. {main}() /var/www/helpyourselftoday.com/site.profitpress.com/public/index.php:0
PHP message: PHP   2. Phalcon\Mvc\Application->handle() /var/www/helpyourselftoday.com/site.profitpress.com/public/index.php:78
PHP message: PHP   3. ProfitPress\Components\BaseController->initialize() /var/www/helpyourselftoday.com/site.profitpress.com/public/index.php:0
PHP message: PHP   4. ProfitPress\Components\BaseController->setCss() /var/www/helpyourselftoday.com/site.profitpress.com/lib/components/BaseController.php:53
PHP message: PHP   5. ProfitPress\Site\Models\Settings::getSetting() /var/www/helpyourselftoday.com/site.profitpress.com/lib/components/BaseController.php:58
PHP message: PHP   6. Phalcon\Mvc\Model::findFirst() /var/www/helpyourselftoday.com/site.profitpress.com/modules/site/models/Settings.php:51
PHP message: PHP   7. ProfitPress\Components\BaseModel->getSource() /var/www/helpyourselftoday.com/site.profitpress.com/modules/site/models/Settings.php:0
PHP message: PHP   8. ProfitPress\Components\BaseModel->getTableNameFromConfiguration() /var/www/helpyourselftoday.com/site.profitpress.com/lib/components/BaseModel.php:53
PHP message: PHP Notice:  Undefined offset: model in /var/www/helpyourselftoday.com/site.profitpress.com/lib/services/Config.php on line 79
PHP message: PHP Stack trace:
PHP message: PHP   1. {main}() /var/www/helpyourselftoday.com/site.profitpress.com/public/index.php:0
PHP message: PHP   2. Phalcon\Mvc\Application->handle() /var/www/helpyourselftoday.com/site.profitpress.com/public/index.php:78
PHP message: PHP   3. Pr
2013/12/21 01:23:10 [error] 13292#0: *6 FastCGI sent in stderr: "ts\BaseModel->getSource() /var/www/helpyourselftoday.com/site.profitpress.com/modules/site/models/Settings.php:0
PHP message: PHP   8. ProfitPress\Components\BaseModel->getTableNameFromConfiguration() /var/www/helpyourselftoday.com/site.profitpress.com/lib/components/BaseModel.php:53" while reading response header from upstream, client: 127.0.0.1, server: *.profitpress.localhost, request: "GET / HTTP/1.1", upstream: "fastcgi://unix:/var/run/php5-fpm.sock:", host: "alpha.profitpress.localhost"
2013/12/21 01:31:25 [error] 13292#0: *9 FastCGI sent in stderr: "PHP message: PHP Notice:  Undefined offset: model in /var/www/helpyourselftoday.com/site.profitpress.com/lib/services/Config.php on line 79
PHP message: PHP Stack trace:
PHP message: PHP   1. {main}() /var/www/helpyourselftoday.com/site.profitpress.com/public/index.php:0
PHP message: PHP   2. Phalcon\Mvc\Application->handle() /var/www/helpyourselftoday.com/site.profitpress.com/public/index.php:78
PHP message: PHP   3. ProfitPress\Components\BaseController->initialize() /var/www/helpyourselftoday.com/site.profitpress.com/public/index.php:0
PHP message: PHP   4. ProfitPress\Components\BaseController->setCss() /var/www/helpyourselftoday.com/site.profitpress.com/lib/components/BaseController.php:53
PHP message: PHP   5. ProfitPress\Site\Models\Settings::getSetting() /var/www/helpyourselftoday.com/site.profitpress.com/lib/components/BaseController.php:58
PHP message: PHP   6. Phalcon\Mvc\Model::findFirst() /var/www/helpyourselftoday.com/site.profitpress.com/modules/site/models/Settings.php:51
PHP message: PHP   7. ProfitPress\Components\BaseModel->getSource() /var/www/helpyourselftoday.com/site.profitpress.com/modules/site/models/Settings.php:0
PHP message: PHP   8. ProfitPress\Components\BaseModel->getTableNameFromConfiguration() /var/www/helpyourselftoday.com/site.profitpress.com/lib/components/BaseModel.php:53
PHP message: PHP   9. ProfitPress\Services\Config->__get() /var/www/helpyourselftoday.com/site.profitpress.com/lib/components/BaseModel.php:105
PHP message: PHP Notice:  Trying to get property of non-object in /var/www/helpyourselftoday.com/site.profitpress.com/lib/components/BaseModel.php on line 105
PHP message: PHP Stack trace:
PHP message: PHP   1. {main}() /var/www/helpyourselftoday.com/site.profitpress.com/public/index.php:0
PHP message: PHP   2. Phalcon\Mvc\Application->handle() /var/www/helpyourselftoday.com/site.profitpress.com/public/index.php:78
PHP message: PHP   3. ProfitPress\Components\BaseController->initialize() /var/www/helpyo
2013/12/21 01:31:25 [error] 13292#0: *9 FastCGI sent in stderr: "lftoday.com/site.profitpress.com/lib/components/BaseModel.php:53
PHP message: PHP   9. ProfitPress\Services\Config->__get() /var/www/helpyourselftoday.com/site.profitpress.com/lib/components/BaseModel.php:106
PHP message: PHP Notice:  Trying to get property of non-object in /var/www/helpyourselftoday.com/site.profitpress.com/lib/components/BaseModel.php on line 106
PHP message: PHP Stack trace:
PHP message: PHP   1. {main}() /var/www/helpyourselftoday.com/site.profitpress.com/public/index.php:0
PHP message: PHP   2. Phalcon\Mvc\Application->handle() /var/www/helpyourselftoday.com/site.profitpress.com/public/index.php:78
PHP message: PHP   3. ProfitPress\Components\BaseController->initialize() /var/www/helpyourselftoday.com/site.profitpress.com/public/index.php:0
PHP message: PHP   4. ProfitPress\Components\BaseController->setCss() /var/www/helpyourselftoday.com/site.profitpress.com/lib/components/BaseController.php:53
PHP message: PHP   5. ProfitPress\Site\Models\Settings::getSetting() /var/www/helpyourselftoday.com/site.profitpress.com/lib/components/BaseController.php:58
PHP message: PHP   6. Phalcon\Mvc\Model::findFirst() /var/www/helpyourselftoday.com/site.profitpress.com/modules/site/models/Settings.php:51
PHP message: PHP   7. ProfitPress\Components\BaseModel->getSource() /var/www/helpyourselftoday.com/site.profitpress.com/modules/site/models/Settings.php:0
PHP message: PHP   8. ProfitPress\Components\BaseModel->getTableNameFromConfiguration() /var/www/helpyourselftoday.com/site.profitpress.com/lib/components/BaseModel.php:53
PHP message: PHP Notice:  Undefined offset: model in /var/www/helpyourselftoday.com/site.profitpress.com/lib/services/Config.php on line 79
PHP message: PHP Stack trace:
PHP message: PHP   1. {main}() /var/www/helpyourselftoday.com/site.profitpress.com/public/index.php:0
PHP message: PHP   2. Phalcon\Mvc\Application->handle() /var/www/helpyourselftoday.com/site.profitpress.com/public/index.php:78
PHP message: PHP   3. Pr
2013/12/21 01:31:25 [error] 13292#0: *9 FastCGI sent in stderr: "ts\BaseModel->getSource() /var/www/helpyourselftoday.com/site.profitpress.com/modules/site/models/Settings.php:0
PHP message: PHP   8. ProfitPress\Components\BaseModel->getTableNameFromConfiguration() /var/www/helpyourselftoday.com/site.profitpress.com/lib/components/BaseModel.php:53
PHP message: PHP Notice:  Undefined offset: model in /var/www/helpyourselftoday.com/site.profitpress.com/lib/services/Config.php on line 79
PHP message: PHP Stack trace:
PHP message: PHP   1. {main}() /var/www/helpyourselftoday.com/site.profitpress.com/public/index.php:0
PHP message: PHP   2. Phalcon\Mvc\Application->handle() /var/www/helpyourselftoday.com/site.profitpress.com/public/index.php:78
PHP message: PHP   3. ProfitPress\Components\BaseController->initialize() /var/www/helpyourselftoday.com/site.profitpress.com/public/index.php:0
PHP message: PHP   4. ProfitPress\Components\BaseController->setCss() /var/www/helpyourselftoday.com/site.profitpress.com/lib/components/BaseController.php:53
PHP message: PHP   5. ProfitPress\Site\Models\Settings::getSetting() /var/www/helpyourselftoday.com/site.profitpress.com/lib/components/BaseController.php:58
PHP message: PHP   6. Phalcon\Mvc\Model::findFirst() /var/www/helpyourselftoday.com/site.profitpress.com/modules/site/models/Settings.php:51
PHP message: PHP   7. ProfitPress\Components\BaseModel->getSource() /var/www/helpyourselftoday.com/site.profitpress.com/modules/site/models/Settings.php:0
PHP message: PHP   8. ProfitPress\Components\BaseModel->getTableNameFromConfiguration() /var/www/helpyourselftoday.com/site.profitpress.com/lib/components/BaseModel.php:53
PHP message: PHP   9. ProfitPress\Services\Config->__get() /var/www/helpyourselftoday.com/site.profitpress.com/lib/components/BaseModel.php:106
PHP message: PHP Notice:  Trying to get property of non-object in /var/www/helpyourselftoday.com/site.profitpress.com/lib/components/BaseModel.php on line 106
PHP message: PHP Stack trace:
PHP message: PHP   1. {main}() /va
2013/12/21 01:31:25 [error] 13292#0: *9 FastCGI sent in stderr: "models/Settings.php:51
PHP message: PHP   7. ProfitPress\Components\BaseModel->getSource() /var/www/helpyourselftoday.com/site.profitpress.com/modules/site/models/Settings.php:0
PHP message: PHP   8. ProfitPress\Components\BaseModel->getTableNameFromConfiguration() /var/www/helpyourselftoday.com/site.profitpress.com/lib/components/BaseModel.php:53
PHP message: PHP   9. ProfitPress\Services\Config->__get() /var/www/helpyourselftoday.com/site.profitpress.com/lib/components/BaseModel.php:105
PHP message: PHP Notice:  Trying to get property of non-object in /var/www/helpyourselftoday.com/site.profitpress.com/lib/components/BaseModel.php on line 105
PHP message: PHP Stack trace:
PHP message: PHP   1. {main}() /var/www/helpyourselftoday.com/site.profitpress.com/public/index.php:0
PHP message: PHP   2. Phalcon\Mvc\Application->handle() /var/www/helpyourselftoday.com/site.profitpress.com/public/index.php:78
PHP message: PHP   3. ProfitPress\Components\BaseController->initialize() /var/www/helpyourselftoday.com/site.profitpress.com/public/index.php:0
PHP message: PHP   4. ProfitPress\Components\BaseController->setCss() /var/www/helpyourselftoday.com/site.profitpress.com/lib/components/BaseController.php:53
PHP message: PHP   5. ProfitPress\Site\Models\Settings::getSetting() /var/www/helpyourselftoday.com/site.profitpress.com/lib/components/BaseController.php:58
PHP message: PHP   6. Phalcon\Mvc\Model::findFirst() /var/www/helpyourselftoday.com/site.profitpress.com/modules/site/models/Settings.php:51
PHP message: PHP   7. ProfitPress\Components\BaseModel->getSource() /var/www/helpyourselftoday.com/site.profitpress.com/modules/site/models/Settings.php:0
PHP message: PHP   8. ProfitPress\Components\BaseModel->getTableNameFromConfiguration() /var/www/helpyourselftoday.com/site.profitpress.com/lib/components/BaseModel.php:53
PHP message: PHP Notice:  Undefined offset: model in /var/www/helpyourselftoday.com/site.profitpress.com/lib/services/Config.php on line 79
2013/12/21 01:31:25 [error] 13292#0: *9 FastCGI sent in stderr: "getSetting() /var/www/helpyourselftoday.com/site.profitpress.com/lib/components/BaseController.php:58
PHP message: PHP   6. Phalcon\Mvc\Model::findFirst() /var/www/helpyourselftoday.com/site.profitpress.com/modules/site/models/Settings.php:51
PHP message: PHP   7. ProfitPress\Components\BaseModel->getSource() /var/www/helpyourselftoday.com/site.profitpress.com/modules/site/models/Settings.php:0
PHP message: PHP   8. ProfitPress\Components\BaseModel->getTableNameFromConfiguration() /var/www/helpyourselftoday.com/site.profitpress.com/lib/components/BaseModel.php:53" while reading response header from upstream, client: 127.0.0.1, server: *.profitpress.localhost, request: "GET / HTTP/1.1", upstream: "fastcgi://unix:/var/run/php5-fpm.sock:", host: "alpha.profitpress.localhost"
2013/12/21 01:31:31 [error] 13292#0: *9 FastCGI sent in stderr: "PHP message: PHP Notice:  Undefined offset: model in /var/www/helpyourselftoday.com/site.profitpress.com/lib/services/Config.php on line 79
PHP message: PHP Stack trace:
PHP message: PHP   1. {main}() /var/www/helpyourselftoday.com/site.profitpress.com/public/index.php:0
PHP message: PHP   2. Phalcon\Mvc\Application->handle() /var/www/helpyourselftoday.com/site.profitpress.com/public/index.php:78
PHP message: PHP   3. ProfitPress\Components\BaseController->initialize() /var/www/helpyourselftoday.com/site.profitpress.com/public/index.php:0
PHP message: PHP   4. ProfitPress\Components\BaseController->setCss() /var/www/helpyourselftoday.com/site.profitpress.com/lib/components/BaseController.php:53
PHP message: PHP   5. ProfitPress\Site\Models\Settings::getSetting() /var/www/helpyourselftoday.com/site.profitpress.com/lib/components/BaseController.php:58
PHP message: PHP   6. Phalcon\Mvc\Model::findFirst() /var/www/helpyourselftoday.com/site.profitpress.com/modules/site/models/Settings.php:51
PHP message: PHP   7. ProfitPress\Components\BaseModel->getSource() /var/www/helpyourselftoday.com/site.profitpress.com/modules/site/models/Settings.php:0
PHP message: PHP   8. ProfitPress\Components\BaseModel->getTableNameFromConfiguration() /var/www/helpyourselftoday.com/site.profitpress.com/lib/components/BaseModel.php:53
PHP message: PHP   9. ProfitPress\Services\Config->__get() /var/www/helpyourselftoday.com/site.profitpress.com/lib/components/BaseModel.php:105
PHP message: PHP Notice:  Trying to get property of non-object in /var/www/helpyourselftoday.com/site.profitpress.com/lib/components/BaseModel.php on line 105
PHP message: PHP Stack trace:
PHP message: PHP   1. {main}() /var/www/helpyourselftoday.com/site.profitpress.com/public/index.php:0
PHP message: PHP   2. Phalcon\Mvc\Application->handle() /var/www/helpyourselftoday.com/site.profitpress.com/public/index.php:78
PHP message: PHP   3. ProfitPress\Components\BaseController->initialize() /var/www/helpyo
2013/12/21 01:32:04 [error] 13292#0: *9 FastCGI sent in stderr: "PHP message: PHP Notice:  Undefined offset: model in /var/www/helpyourselftoday.com/site.profitpress.com/lib/services/Config.php on line 79
PHP message: PHP Stack trace:
PHP message: PHP   1. {main}() /var/www/helpyourselftoday.com/site.profitpress.com/public/index.php:0
PHP message: PHP   2. Phalcon\Mvc\Application->handle() /var/www/helpyourselftoday.com/site.profitpress.com/public/index.php:78
PHP message: PHP   3. ProfitPress\Components\BaseController->initialize() /var/www/helpyourselftoday.com/site.profitpress.com/public/index.php:0
PHP message: PHP   4. ProfitPress\Components\BaseController->setCss() /var/www/helpyourselftoday.com/site.profitpress.com/lib/components/BaseController.php:53
PHP message: PHP   5. ProfitPress\Site\Models\Settings::getSetting() /var/www/helpyourselftoday.com/site.profitpress.com/lib/components/BaseController.php:58
PHP message: PHP   6. Phalcon\Mvc\Model::findFirst() /var/www/helpyourselftoday.com/site.profitpress.com/modules/site/models/Settings.php:51
PHP message: PHP   7. ProfitPress\Components\BaseModel->getSource() /var/www/helpyourselftoday.com/site.profitpress.com/modules/site/models/Settings.php:0
PHP message: PHP   8. ProfitPress\Components\BaseModel->getTableNameFromConfiguration() /var/www/helpyourselftoday.com/site.profitpress.com/lib/components/BaseModel.php:53
PHP message: PHP   9. ProfitPress\Services\Config->__get() /var/www/helpyourselftoday.com/site.profitpress.com/lib/components/BaseModel.php:105
PHP message: PHP Notice:  Trying to get property of non-object in /var/www/helpyourselftoday.com/site.profitpress.com/lib/components/BaseModel.php on line 105
PHP message: PHP Stack trace:
PHP message: PHP   1. {main}() /var/www/helpyourselftoday.com/site.profitpress.com/public/index.php:0
PHP message: PHP   2. Phalcon\Mvc\Application->handle() /var/www/helpyourselftoday.com/site.profitpress.com/public/index.php:78
PHP message: PHP   3. ProfitPress\Components\BaseController->initialize() /var/www/helpyo
2013/12/21 01:32:24 [error] 13292#0: *9 FastCGI sent in stderr: "PHP message: PHP Notice:  Undefined offset: model in /var/www/helpyourselftoday.com/site.profitpress.com/lib/services/Config.php on line 79
PHP message: PHP Stack trace:
PHP message: PHP   1. {main}() /var/www/helpyourselftoday.com/site.profitpress.com/public/index.php:0
PHP message: PHP   2. Phalcon\Mvc\Application->handle() /var/www/helpyourselftoday.com/site.profitpress.com/public/index.php:78
PHP message: PHP   3. ProfitPress\Components\BaseController->initialize() /var/www/helpyourselftoday.com/site.profitpress.com/public/index.php:0
PHP message: PHP   4. ProfitPress\Components\BaseController->setCss() /var/www/helpyourselftoday.com/site.profitpress.com/lib/components/BaseController.php:53
PHP message: PHP   5. ProfitPress\Site\Models\Settings::getSetting() /var/www/helpyourselftoday.com/site.profitpress.com/lib/components/BaseController.php:58
PHP message: PHP   6. Phalcon\Mvc\Model::findFirst() /var/www/helpyourselftoday.com/site.profitpress.com/modules/site/models/Settings.php:51
PHP message: PHP   7. ProfitPress\Components\BaseModel->getSource() /var/www/helpyourselftoday.com/site.profitpress.com/modules/site/models/Settings.php:0
PHP message: PHP   8. ProfitPress\Components\BaseModel->getTableNameFromConfiguration() /var/www/helpyourselftoday.com/site.profitpress.com/lib/components/BaseModel.php:53
PHP message: PHP   9. ProfitPress\Services\Config->__get() /var/www/helpyourselftoday.com/site.profitpress.com/lib/components/BaseModel.php:105
PHP message: PHP Notice:  Undefined offset: model in /var/www/helpyourselftoday.com/site.profitpress.com/lib/services/Config.php on line 79
PHP message: PHP Stack trace:
PHP message: PHP   1. {main}() /var/www/helpyourselftoday.com/site.profitpress.com/public/index.php:0
PHP message: PHP   2. Phalcon\Mvc\Application->handle() /var/www/helpyourselftoday.com/site.profitpress.com/public/index.php:78
PHP message: PHP   3. ProfitPress\Components\BaseController->initialize() /var/www/helpyourselftoday.com/sit
2013/12/21 01:33:29 [error] 13292#0: *9 FastCGI sent in stderr: "PHP message: PHP Catchable fatal error:  Object of class Phalcon\Config could not be converted to string in /var/www/helpyourselftoday.com/site.profitpress.com/lib/components/BaseModel.php on line 106
PHP message: PHP Stack trace:
PHP message: PHP   1. {main}() /var/www/helpyourselftoday.com/site.profitpress.com/public/index.php:0
PHP message: PHP   2. Phalcon\Mvc\Application->handle() /var/www/helpyourselftoday.com/site.profitpress.com/public/index.php:78
PHP message: PHP   3. ProfitPress\Components\BaseController->initialize() /var/www/helpyourselftoday.com/site.profitpress.com/public/index.php:0
PHP message: PHP   4. ProfitPress\Components\BaseController->setCss() /var/www/helpyourselftoday.com/site.profitpress.com/lib/components/BaseController.php:53
PHP message: PHP   5. ProfitPress\Site\Models\Settings::getSetting() /var/www/helpyourselftoday.com/site.profitpress.com/lib/components/BaseController.php:58
PHP message: PHP   6. Phalcon\Mvc\Model::findFirst() /var/www/helpyourselftoday.com/site.profitpress.com/modules/site/models/Settings.php:51
PHP message: PHP   7. ProfitPress\Components\BaseModel->getSource() /var/www/helpyourselftoday.com/site.profitpress.com/modules/site/models/Settings.php:0
PHP message: PHP   8. ProfitPress\Components\BaseModel->getTableNameFromConfiguration() /var/www/helpyourselftoday.com/site.profitpress.com/lib/components/BaseModel.php:53" while reading response header from upstream, client: 127.0.0.1, server: *.profitpress.localhost, request: "GET / HTTP/1.1", upstream: "fastcgi://unix:/var/run/php5-fpm.sock:", host: "alpha.profitpress.localhost"
2013/12/21 01:47:33 [error] 13292#0: *24 FastCGI sent in stderr: "PHP message: PHP Notice:  Access to undefined property ProfitPress\Site\Models\Settings::_table_name_prefix in /var/www/helpyourselftoday.com/site.profitpress.com/lib/components/BaseModel.php on line 53
PHP message: PHP Stack trace:
PHP message: PHP   1. {main}() /var/www/helpyourselftoday.com/site.profitpress.com/public/index.php:0
PHP message: PHP   2. Phalcon\Mvc\Application->handle() /var/www/helpyourselftoday.com/site.profitpress.com/public/index.php:78
PHP message: PHP   3. ProfitPress\Components\BaseController->initialize() /var/www/helpyourselftoday.com/site.profitpress.com/public/index.php:0
PHP message: PHP   4. ProfitPress\Components\BaseController->setCss() /var/www/helpyourselftoday.com/site.profitpress.com/lib/components/BaseController.php:53
PHP message: PHP   5. ProfitPress\Site\Models\Settings::getSetting() /var/www/helpyourselftoday.com/site.profitpress.com/lib/components/BaseController.php:58
PHP message: PHP   6. Phalcon\Mvc\Model::findFirst() /var/www/helpyourselftoday.com/site.profitpress.com/modules/site/models/Settings.php:51
PHP message: PHP   7. ProfitPress\Components\BaseModel->getSource() /var/www/helpyourselftoday.com/site.profitpress.com/modules/site/models/Settings.php:0
PHP message: PHP Notice:  Access to undefined property ProfitPress\Site\Models\Settings::_table_name_prefix in /var/www/helpyourselftoday.com/site.profitpress.com/lib/components/BaseModel.php on line 53
PHP message: PHP Stack trace:
PHP message: PHP   1. {main}() /var/www/helpyourselftoday.com/site.profitpress.com/public/index.php:0
PHP message: PHP   2. Phalcon\Mvc\Application->handle() /var/www/helpyourselftoday.com/site.profitpress.com/public/index.php:78
PHP message: PHP   3. ProfitPress\Components\BaseController->initialize() /var/www/helpyourselftoday.com/site.profitpress.com/public/index.php:0
PHP message: PHP   4. ProfitPress\Components\BaseController->setCss() /var/www/helpyourselftoday.com/site.profitpress.com/lib/components/BaseController.
2013/12/21 02:38:26 [error] 13292#0: *46 FastCGI sent in stderr: "PHP message: PHP Fatal error:  Cannot use Phalcon\Tag as Tag because the name is already in use in /var/www/helpyourselftoday.com/site.profitpress.com/lib/components/BaseController.php on line 20
PHP message: PHP Stack trace:
PHP message: PHP   1. {main}() /var/www/helpyourselftoday.com/site.profitpress.com/public/index.php:0
PHP message: PHP   2. Phalcon\Mvc\Application->handle() /var/www/helpyourselftoday.com/site.profitpress.com/public/index.php:78
PHP message: PHP   3. Phalcon\Loader->autoLoad() /var/www/helpyourselftoday.com/site.profitpress.com/public/index.php:0" while reading response header from upstream, client: 127.0.0.1, server: *.profitpress.localhost, request: "GET / HTTP/1.1", upstream: "fastcgi://unix:/var/run/php5-fpm.sock:", host: "alpha.profitpress.localhost"
2013/12/21 02:38:27 [error] 13292#0: *46 FastCGI sent in stderr: "PHP message: PHP Fatal error:  Cannot use Phalcon\Tag as Tag because the name is already in use in /var/www/helpyourselftoday.com/site.profitpress.com/lib/components/BaseController.php on line 20
PHP message: PHP Stack trace:
PHP message: PHP   1. {main}() /var/www/helpyourselftoday.com/site.profitpress.com/public/index.php:0
PHP message: PHP   2. Phalcon\Mvc\Application->handle() /var/www/helpyourselftoday.com/site.profitpress.com/public/index.php:78
PHP message: PHP   3. Phalcon\Loader->autoLoad() /var/www/helpyourselftoday.com/site.profitpress.com/public/index.php:0" while reading response header from upstream, client: 127.0.0.1, server: *.profitpress.localhost, request: "GET / HTTP/1.1", upstream: "fastcgi://unix:/var/run/php5-fpm.sock:", host: "alpha.profitpress.localhost"
2013/12/21 02:38:31 [error] 13292#0: *46 FastCGI sent in stderr: "PHP message: PHP Fatal error:  Cannot use Phalcon\Tag as Tag because the name is already in use in /var/www/helpyourselftoday.com/site.profitpress.com/lib/components/BaseController.php on line 20
PHP message: PHP Stack trace:
PHP message: PHP   1. {main}() /var/www/helpyourselftoday.com/site.profitpress.com/public/index.php:0
PHP message: PHP   2. Phalcon\Mvc\Application->handle() /var/www/helpyourselftoday.com/site.profitpress.com/public/index.php:78
PHP message: PHP   3. Phalcon\Loader->autoLoad() /var/www/helpyourselftoday.com/site.profitpress.com/public/index.php:0" while reading response header from upstream, client: 127.0.0.1, server: *.profitpress.localhost, request: "GET / HTTP/1.1", upstream: "fastcgi://unix:/var/run/php5-fpm.sock:", host: "alpha.profitpress.localhost"
2013/12/21 02:38:32 [error] 13292#0: *46 FastCGI sent in stderr: "PHP message: PHP Fatal error:  Cannot use Phalcon\Tag as Tag because the name is already in use in /var/www/helpyourselftoday.com/site.profitpress.com/lib/components/BaseController.php on line 20
PHP message: PHP Stack trace:
PHP message: PHP   1. {main}() /var/www/helpyourselftoday.com/site.profitpress.com/public/index.php:0
PHP message: PHP   2. Phalcon\Mvc\Application->handle() /var/www/helpyourselftoday.com/site.profitpress.com/public/index.php:78
PHP message: PHP   3. Phalcon\Loader->autoLoad() /var/www/helpyourselftoday.com/site.profitpress.com/public/index.php:0" while reading response header from upstream, client: 127.0.0.1, server: *.profitpress.localhost, request: "GET / HTTP/1.1", upstream: "fastcgi://unix:/var/run/php5-fpm.sock:", host: "alpha.profitpress.localhost"
2013/12/21 02:38:36 [error] 13292#0: *46 FastCGI sent in stderr: "PHP message: PHP Fatal error:  Cannot use Phalcon\Tag as Tag because the name is already in use in /var/www/helpyourselftoday.com/site.profitpress.com/lib/components/BaseController.php on line 20
PHP message: PHP Stack trace:
PHP message: PHP   1. {main}() /var/www/helpyourselftoday.com/site.profitpress.com/public/index.php:0
PHP message: PHP   2. Phalcon\Mvc\Application->handle() /var/www/helpyourselftoday.com/site.profitpress.com/public/index.php:78
PHP message: PHP   3. Phalcon\Loader->autoLoad() /var/www/helpyourselftoday.com/site.profitpress.com/public/index.php:0" while reading response header from upstream, client: 127.0.0.1, server: *.profitpress.localhost, request: "GET / HTTP/1.1", upstream: "fastcgi://unix:/var/run/php5-fpm.sock:", host: "alpha.profitpress.localhost"
2013/12/21 02:38:37 [error] 13292#0: *46 FastCGI sent in stderr: "PHP message: PHP Fatal error:  Cannot use Phalcon\Tag as Tag because the name is already in use in /var/www/helpyourselftoday.com/site.profitpress.com/lib/components/BaseController.php on line 20
PHP message: PHP Stack trace:
PHP message: PHP   1. {main}() /var/www/helpyourselftoday.com/site.profitpress.com/public/index.php:0
PHP message: PHP   2. Phalcon\Mvc\Application->handle() /var/www/helpyourselftoday.com/site.profitpress.com/public/index.php:78
PHP message: PHP   3. Phalcon\Loader->autoLoad() /var/www/helpyourselftoday.com/site.profitpress.com/public/index.php:0" while reading response header from upstream, client: 127.0.0.1, server: *.profitpress.localhost, request: "GET / HTTP/1.1", upstream: "fastcgi://unix:/var/run/php5-fpm.sock:", host: "alpha.profitpress.localhost"
2013/12/21 02:39:08 [error] 13292#0: *46 FastCGI sent in stderr: "PHP message: PHP Fatal error:  Cannot use Phalcon\Tag as Tag because the name is already in use in /var/www/helpyourselftoday.com/site.profitpress.com/lib/components/BaseController.php on line 20
PHP message: PHP Stack trace:
PHP message: PHP   1. {main}() /var/www/helpyourselftoday.com/site.profitpress.com/public/index.php:0
PHP message: PHP   2. Phalcon\Mvc\Application->handle() /var/www/helpyourselftoday.com/site.profitpress.com/public/index.php:78
PHP message: PHP   3. Phalcon\Loader->autoLoad() /var/www/helpyourselftoday.com/site.profitpress.com/public/index.php:0" while reading response header from upstream, client: 127.0.0.1, server: *.profitpress.localhost, request: "GET / HTTP/1.1", upstream: "fastcgi://unix:/var/run/php5-fpm.sock:", host: "alpha.profitpress.localhost"
2013/12/21 02:39:11 [error] 13292#0: *46 FastCGI sent in stderr: "PHP message: PHP Fatal error:  Cannot use Phalcon\Tag as Tag because the name is already in use in /var/www/helpyourselftoday.com/site.profitpress.com/lib/components/BaseController.php on line 20
PHP message: PHP Stack trace:
PHP message: PHP   1. {main}() /var/www/helpyourselftoday.com/site.profitpress.com/public/index.php:0
PHP message: PHP   2. Phalcon\Mvc\Application->handle() /var/www/helpyourselftoday.com/site.profitpress.com/public/index.php:78
PHP message: PHP   3. Phalcon\Loader->autoLoad() /var/www/helpyourselftoday.com/site.profitpress.com/public/index.php:0" while reading response header from upstream, client: 127.0.0.1, server: *.profitpress.localhost, request: "GET / HTTP/1.1", upstream: "fastcgi://unix:/var/run/php5-fpm.sock:", host: "alpha.profitpress.localhost"
2013/12/21 02:39:49 [error] 13292#0: *46 FastCGI sent in stderr: "PHP message: PHP Fatal error:  Cannot use Phalcon\Tag as Tag because the name is already in use in /var/www/helpyourselftoday.com/site.profitpress.com/lib/components/BaseController.php on line 20
PHP message: PHP Stack trace:
PHP message: PHP   1. {main}() /var/www/helpyourselftoday.com/site.profitpress.com/public/index.php:0
PHP message: PHP   2. Phalcon\Mvc\Application->handle() /var/www/helpyourselftoday.com/site.profitpress.com/public/index.php:78
PHP message: PHP   3. Phalcon\Loader->autoLoad() /var/www/helpyourselftoday.com/site.profitpress.com/public/index.php:0" while reading response header from upstream, client: 127.0.0.1, server: *.profitpress.localhost, request: "GET / HTTP/1.1", upstream: "fastcgi://unix:/var/run/php5-fpm.sock:", host: "alpha.profitpress.localhost"
2013/12/21 02:45:38 [error] 13292#0: *89 FastCGI sent in stderr: "PHP message: PHP Fatal error:  Maximum function nesting level of '100' reached, aborting! in /var/www/helpyourselftoday.com/site.profitpress.com/lib/components/Volt.php on line 38
PHP message: PHP Stack trace:
PHP message: PHP   1. {main}() /var/www/helpyourselftoday.com/site.profitpress.com/public/index.php:0
PHP message: PHP   2. Phalcon\Mvc\Application->handle() /var/www/helpyourselftoday.com/site.profitpress.com/public/index.php:78
PHP message: PHP   3. ProfitPress\Components\Volt->getCompiler() /var/www/helpyourselftoday.com/site.profitpress.com/public/index.php:0
PHP message: PHP   4. Phalcon\Mvc\View\Engine->partial() /var/www/helpyourselftoday.com/site.profitpress.com/lib/components/Volt.php:44
PHP message: PHP   5. ProfitPress\Components\Volt->getCompiler() /var/www/helpyourselftoday.com/site.profitpress.com/lib/components/Volt.php:0
PHP message: PHP   6. Phalcon\Mvc\View\Engine->partial() /var/www/helpyourselftoday.com/site.profitpress.com/lib/components/Volt.php:44
PHP message: PHP   7. ProfitPress\Components\Volt->getCompiler() /var/www/helpyourselftoday.com/site.profitpress.com/lib/components/Volt.php:0
PHP message: PHP   8. Phalcon\Mvc\View\Engine->partial() /var/www/helpyourselftoday.com/site.profitpress.com/lib/components/Volt.php:44
PHP message: PHP   9. ProfitPress\Components\Volt->getCompiler() /var/www/helpyourselftoday.com/site.profitpress.com/lib/components/Volt.php:0
PHP message: PHP  10. Phalcon\Mvc\View\Engine->partial() /var/www/helpyourselftoday.com/site.profitpress.com/lib/components/Volt.php:44
PHP message: PHP  11. ProfitPress\Components\Volt->getCompiler() /var/www/helpyourselftoday.com/site.profitpress.com/lib/components/Volt.php:0
PHP message: PHP  12. Phalcon\Mvc\View\Engine->partial() /var/www/helpyourselftoday.com/site.profitpress.com/lib/components/Volt.php:44
PHP message: PHP  13. ProfitPress\Components\Volt->getCompiler() /var/www/helpyourselftoday.com/site.profitpress.com/lib/components/Volt.php:0
PHP messag
2013/12/21 02:45:38 [error] 13292#0: *89 FastCGI sent in stderr: "Press\Components\Volt->getCompiler() /var/www/helpyourselftoday.com/site.profitpress.com/lib/components/Volt.php:0
PHP message: PHP  30. Phalcon\Mvc\View\Engine->partial() /var/www/helpyourselftoday.com/site.profitpress.com/lib/components/Volt.php:44
PHP message: PHP  31. ProfitPress\Components\Volt->getCompiler() /var/www/helpyourselftoday.com/site.profitpress.com/lib/components/Volt.php:0
PHP message: PHP  32. Phalcon\Mvc\View\Engine->partial() /var/www/helpyourselftoday.com/site.profitpress.com/lib/components/Volt.php:44
PHP message: PHP  33. ProfitPress\Components\Volt->getCompiler() /var/www/helpyourselftoday.com/site.profitpress.com/lib/components/Volt.php:0
PHP message: PHP  34. Phalcon\Mvc\View\Engine->partial() /var/www/helpyourselftoday.com/site.profitpress.com/lib/components/Volt.php:44
PHP message: PHP  35. ProfitPress\Components\Volt->getCompiler() /var/www/helpyourselftoday.com/site.profitpress.com/lib/components/Volt.php:0
PHP message: PHP  36. Phalcon\Mvc\View\Engine->partial() /var/www/helpyourselftoday.com/site.profitpress.com/lib/components/Volt.php:44
PHP message: PHP  37. ProfitPress\Components\Volt->getCompiler() /var/www/helpyourselftoday.com/site.profitpress.com/lib/components/Volt.php:0
PHP message: PHP  38. Phalcon\Mvc\View\Engine->partial() /var/www/helpyourselftoday.com/site.profitpress.com/lib/components/Volt.php:44
PHP message: PHP  39. ProfitPress\Components\Volt->getCompiler() /var/www/helpyourselftoday.com/site.profitpress.com/lib/components/Volt.php:0
PHP message: PHP  40. Phalcon\Mvc\View\Engine->partial() /var/www/helpyourselftoday.com/site.profitpress.com/lib/components/Volt.php:44
PHP message: PHP  41. ProfitPress\Components\Volt->getCompiler() /var/www/helpyourselftoday.com/site.profitpress.com/lib/components/Volt.php:0
PHP message: PHP  42. Phalcon\Mvc\View\Engine->partial() /var/www/helpyourselftoday.com/site.profitpress.com/lib/components/Volt.php:44
PHP message: PHP  43. ProfitPress\Components\Volt->getCo
2013/12/21 02:45:38 [error] 13292#0: *89 FastCGI sent in stderr: "elftoday.com/site.profitpress.com/lib/components/Volt.php:44
PHP message: PHP  59. ProfitPress\Components\Volt->getCompiler() /var/www/helpyourselftoday.com/site.profitpress.com/lib/components/Volt.php:0
PHP message: PHP  60. Phalcon\Mvc\View\Engine->partial() /var/www/helpyourselftoday.com/site.profitpress.com/lib/components/Volt.php:44
PHP message: PHP  61. ProfitPress\Components\Volt->getCompiler() /var/www/helpyourselftoday.com/site.profitpress.com/lib/components/Volt.php:0
PHP message: PHP  62. Phalcon\Mvc\View\Engine->partial() /var/www/helpyourselftoday.com/site.profitpress.com/lib/components/Volt.php:44
PHP message: PHP  63. ProfitPress\Components\Volt->getCompiler() /var/www/helpyourselftoday.com/site.profitpress.com/lib/components/Volt.php:0
PHP message: PHP  64. Phalcon\Mvc\View\Engine->partial() /var/www/helpyourselftoday.com/site.profitpress.com/lib/components/Volt.php:44
PHP message: PHP  65. ProfitPress\Components\Volt->getCompiler() /var/www/helpyourselftoday.com/site.profitpress.com/lib/components/Volt.php:0
PHP message: PHP  66. Phalcon\Mvc\View\Engine->partial() /var/www/helpyourselftoday.com/site.profitpress.com/lib/components/Volt.php:44
PHP message: PHP  67. ProfitPress\Components\Volt->getCompiler() /var/www/helpyourselftoday.com/site.profitpress.com/lib/components/Volt.php:0
PHP message: PHP  68. Phalcon\Mvc\View\Engine->partial() /var/www/helpyourselftoday.com/site.profitpress.com/lib/components/Volt.php:44
PHP message: PHP  69. ProfitPress\Components\Volt->getCompiler() /var/www/helpyourselftoday.com/site.profitpress.com/lib/components/Volt.php:0
PHP message: PHP  70. Phalcon\Mvc\View\Engine->partial() /var/www/helpyourselftoday.com/site.profitpress.com/lib/components/Volt.php:44
PHP message: PHP  71. ProfitPress\Components\Volt->getCompiler() /var/www/helpyourselftoday.com/site.profitpress.com/lib/components/Volt.php:0
PHP message: PHP  72. Phalcon\Mvc\View\Engine->partial() /var/www/helpyourselftoday.com/site.profitpres
2013/12/21 02:45:38 [error] 13292#0: *89 FastCGI sent in stderr: "components/Volt.php:0
PHP message: PHP  88. Phalcon\Mvc\View\Engine->partial() /var/www/helpyourselftoday.com/site.profitpress.com/lib/components/Volt.php:44
PHP message: PHP  89. ProfitPress\Components\Volt->getCompiler() /var/www/helpyourselftoday.com/site.profitpress.com/lib/components/Volt.php:0
PHP message: PHP  90. Phalcon\Mvc\View\Engine->partial() /var/www/helpyourselftoday.com/site.profitpress.com/lib/components/Volt.php:44
PHP message: PHP  91. ProfitPress\Components\Volt->getCompiler() /var/www/helpyourselftoday.com/site.profitpress.com/lib/components/Volt.php:0
PHP message: PHP  92. Phalcon\Mvc\View\Engine->partial() /var/www/helpyourselftoday.com/site.profitpress.com/lib/components/Volt.php:44
PHP message: PHP  93. ProfitPress\Components\Volt->getCompiler() /var/www/helpyourselftoday.com/site.profitpress.com/lib/components/Volt.php:0
PHP message: PHP  94. Phalcon\Mvc\View\Engine->partial() /var/www/helpyourselftoday.com/site.profitpress.com/lib/components/Volt.php:44
PHP message: PHP  95. ProfitPress\Components\Volt->getCompiler() /var/www/helpyourselftoday.com/site.profitpress.com/lib/components/Volt.php:0
PHP message: PHP  96. Phalcon\Mvc\View\Engine->partial() /var/www/helpyourselftoday.com/site.profitpress.com/lib/components/Volt.php:44
PHP message: PHP  97. ProfitPress\Components\Volt->getCompiler() /var/www/helpyourselftoday.com/site.profitpress.com/lib/components/Volt.php:0
PHP message: PHP  98. Phalcon\Mvc\View\Engine->partial() /var/www/helpyourselftoday.com/site.profitpress.com/lib/components/Volt.php:44
PHP message: PHP  99. ProfitPress\Components\Volt->getCompiler() /var/www/helpyourselftoday.com/site.profitpress.com/lib/components/Volt.php:0" while reading response header from upstream, client: 127.0.0.1, server: *.profitpress.localhost, request: "GET /page/2 HTTP/1.1", upstream: "fastcgi://unix:/var/run/php5-fpm.sock:", host: "alpha.profitpress.localhost", referrer: "http://alpha.profitpress.localhost/"
2013/12/21 02:45:56 [error] 13292#0: *89 FastCGI sent in stderr: "PHP message: PHP Parse error:  syntax error, unexpected T_PUBLIC, expecting '(' in /var/www/helpyourselftoday.com/site.profitpress.com/modules/posts/controllers/PostsController.php on line 255
PHP message: PHP Stack trace:
PHP message: PHP   1. {main}() /var/www/helpyourselftoday.com/site.profitpress.com/public/index.php:0
PHP message: PHP   2. Phalcon\Mvc\Application->handle() /var/www/helpyourselftoday.com/site.profitpress.com/public/index.php:78" while reading response header from upstream, client: 127.0.0.1, server: *.profitpress.localhost, request: "GET /test-title HTTP/1.1", upstream: "fastcgi://unix:/var/run/php5-fpm.sock:", host: "alpha.profitpress.localhost", referrer: "http://alpha.profitpress.localhost/page/1"
